{
  "RSpec": {
    "coverage": {
      "/Users/davehenton/Desktop/cookies/cookie.rb": [
        1,
        1,
        1,
        null,
        1,
        10,
        10,
        10,
        null,
        null,
        null
      ],
      "/Users/davehenton/Desktop/cookies/spec/oven_spec.rb": [
        1,
        1,
        1,
        1,
        null,
        1,
        5,
        5,
        null,
        1,
        4,
        null,
        null,
        1,
        1,
        1,
        1,
        null,
        null,
        1,
        1,
        1,
        null,
        null,
        1,
        1,
        1,
        null,
        null,
        1,
        4,
        4,
        null,
        1,
        1,
        1,
        null,
        null,
        1,
        1,
        1,
        null,
        null,
        1,
        1,
        1,
        null,
        null,
        null
      ],
      "/Users/davehenton/Desktop/cookies/oven.rb": [
        1,
        null,
        1,
        1,
        7,
        null,
        null,
        1,
        14,
        null,
        null,
        1,
        7,
        0,
        7,
        2,
        5,
        3,
        2,
        2,
        null,
        null,
        null,
        1,
        4,
        null,
        null,
        1,
        0,
        null,
        null
      ]
    },
    "timestamp": 1484250188
  }
}
